10:23:09.933 [restartedMain] INFO  c.F.CapstoneFoodRouletteBeApplication - Starting CapstoneFoodRouletteBeApplication using Java 17.0.7 with PID 12708 (D:\Eclipse - Directory\CAPSTONE-FoodRouletteBE\target\classes started by vince in D:\Eclipse - Directory\CAPSTONE-FoodRouletteBE)
10:23:09.944 [restartedMain] INFO  c.F.CapstoneFoodRouletteBeApplication - No active profile set, falling back to 1 default profile: "default"
10:23:10.045 [restartedMain] INFO  o.s.b.d.e.DevToolsPropertyDefaultsPostProcessor - Devtools property defaults active! Set 'spring.devtools.add-properties' to 'false' to disable
10:23:10.058 [restartedMain] INFO  o.s.b.d.e.DevToolsPropertyDefaultsPostProcessor - For additional web related logging consider setting the 'logging.level.web' property to 'DEBUG'
10:23:11.271 [restartedMain] INFO  o.s.d.r.c.RepositoryConfigurationDelegate - Bootstrapping Spring Data JPA repositories in DEFAULT mode.
10:23:11.393 [restartedMain] INFO  o.s.d.r.c.RepositoryConfigurationDelegate - Finished Spring Data repository scanning in 98 ms. Found 3 JPA repository interfaces.
10:23:12.543 [restartedMain] INFO  o.s.b.w.e.tomcat.TomcatWebServer - Tomcat initialized with port(s): 8080 (http)
10:23:12.564 [restartedMain] INFO  o.a.catalina.core.StandardService - Starting service [Tomcat]
10:23:12.576 [restartedMain] INFO  o.a.catalina.core.StandardEngine - Starting Servlet engine: [Apache Tomcat/10.1.8]
10:23:12.728 [restartedMain] INFO  o.a.c.c.C.[Tomcat].[localhost].[/] - Initializing Spring embedded WebApplicationContext
10:23:12.730 [restartedMain] INFO  o.s.b.w.s.c.ServletWebServerApplicationContext - Root WebApplicationContext: initialization completed in 2658 ms
10:23:13.023 [restartedMain] INFO  o.h.jpa.internal.util.LogHelper - HHH000204: Processing PersistenceUnitInfo [name: default]
10:23:13.157 [restartedMain] INFO  org.hibernate.Version - HHH000412: Hibernate ORM core version 6.2.2.Final
10:23:13.183 [restartedMain] INFO  org.hibernate.cfg.Environment - HHH000406: Using bytecode reflection optimizer
10:23:13.423 [restartedMain] INFO  o.h.b.i.BytecodeProviderInitiator - HHH000021: Bytecode provider name : bytebuddy
10:23:13.650 [restartedMain] INFO  o.s.o.j.p.SpringPersistenceUnitInfo - No LoadTimeWeaver setup: ignoring JPA class transformer
10:23:13.685 [restartedMain] INFO  com.zaxxer.hikari.HikariDataSource - HikariPool-1 - Starting...
10:23:14.177 [restartedMain] INFO  com.zaxxer.hikari.pool.HikariPool - HikariPool-1 - Added connection org.postgresql.jdbc.PgConnection@5ba3f9ac
10:23:14.193 [restartedMain] INFO  com.zaxxer.hikari.HikariDataSource - HikariPool-1 - Start completed.
10:23:14.338 [restartedMain] INFO  org.hibernate.orm.dialect - HHH035001: Using dialect: org.hibernate.dialect.PostgreSQLDialect, version: org.hibernate.engine.jdbc.env.internal.JdbcEnvironmentInitiator$DialectResolutionInfoImpl@609ec709
10:23:14.804 [restartedMain] INFO  o.h.b.i.BytecodeProviderInitiator - HHH000021: Bytecode provider name : bytebuddy
10:23:15.803 [restartedMain] INFO  o.h.e.t.j.p.i.JtaPlatformInitiator - HHH000490: Using JtaPlatform implementation: [org.hibernate.engine.transaction.jta.platform.internal.NoJtaPlatform]
10:23:15.958 [restartedMain] INFO  o.s.o.j.LocalContainerEntityManagerFactoryBean - Initialized JPA EntityManagerFactory for persistence unit 'default'
10:23:16.844 [restartedMain] WARN  o.s.b.a.o.j.JpaBaseConfiguration$JpaWebConfiguration - spring.jpa.open-in-view is enabled by default. Therefore, database queries may be performed during view rendering. Explicitly configure spring.jpa.open-in-view to disable this warning
10:23:17.241 [restartedMain] INFO  o.s.s.web.DefaultSecurityFilterChain - Will secure any request with [org.springframework.security.web.session.DisableEncodeUrlFilter@1380c118, org.springframework.security.web.context.request.async.WebAsyncManagerIntegrationFilter@7beca7f8, org.springframework.security.web.context.SecurityContextHolderFilter@33653303, org.springframework.security.web.header.HeaderWriterFilter@3e5db101, org.springframework.web.filter.CorsFilter@422dfbe2, org.springframework.security.web.authentication.logout.LogoutFilter@1abd048e, com.FoodRouletteBE.security.security.JwtAuthenticationFilter@55e46135, org.springframework.security.web.savedrequest.RequestCacheAwareFilter@146a05db, org.springframework.security.web.servletapi.SecurityContextHolderAwareRequestFilter@57d51ab4, org.springframework.security.web.authentication.AnonymousAuthenticationFilter@54f2ecd8, org.springframework.security.web.session.SessionManagementFilter@180ca39f, org.springframework.security.web.access.ExceptionTranslationFilter@12bb61a7, org.springframework.security.web.access.intercept.AuthorizationFilter@738370e0]
10:23:17.639 [restartedMain] INFO  o.s.b.d.a.OptionalLiveReloadServer - LiveReload server is running on port 35729
10:23:17.770 [restartedMain] INFO  o.s.b.w.e.tomcat.TomcatWebServer - Tomcat started on port(s): 8080 (http) with context path ''
10:23:17.805 [restartedMain] INFO  c.F.CapstoneFoodRouletteBeApplication - Started CapstoneFoodRouletteBeApplication in 8.514 seconds (process running for 9.444)
10:26:05.254 [http-nio-8080-exec-1] INFO  o.a.c.c.C.[Tomcat].[localhost].[/] - Initializing Spring DispatcherServlet 'dispatcherServlet'
10:26:05.255 [http-nio-8080-exec-1] INFO  o.s.web.servlet.DispatcherServlet - Initializing Servlet 'dispatcherServlet'
10:26:05.257 [http-nio-8080-exec-1] INFO  o.s.web.servlet.DispatcherServlet - Completed initialization in 2 ms
10:48:07.625 [http-nio-8080-exec-6] WARN  o.h.e.jdbc.spi.SqlExceptionHelper - SQL Error: 0, SQLState: 22001
10:48:07.626 [http-nio-8080-exec-6] ERROR o.h.e.jdbc.spi.SqlExceptionHelper - ERRORE: il valore è troppo lungo per il tipo character varying(255)
10:48:07.641 [http-nio-8080-exec-6] WARN  o.s.w.s.m.m.a.ExceptionHandlerExceptionResolver - Resolved [org.springframework.dao.DataIntegrityViolationException: could not execute statement [ERRORE: il valore è troppo lungo per il tipo character varying(255)] [insert into ricette (difficulty,str_area,str_ingredient1,str_ingredient2,str_ingredient3,str_ingredient4,str_ingredient5,str_ingredient6,str_ingredient7,str_ingredient8,str_ingredient9,str_instructions,str_meal,str_meal_thumb,str_youtube,tempo_preparazione) values (?,?,?,?,?,?,?,?,?,?,?,?,?,?,?,?)]; SQL [insert into ricette (difficulty,str_area,str_ingredient1,str_ingredient2,str_ingredient3,str_ingredient4,str_ingredient5,str_ingredient6,str_ingredient7,str_ingredient8,str_ingredient9,str_instructions,str_meal,str_meal_thumb,str_youtube,tempo_preparazione) values (?,?,?,?,?,?,?,?,?,?,?,?,?,?,?,?)]]
10:48:29.003 [http-nio-8080-exec-7] WARN  o.h.e.jdbc.spi.SqlExceptionHelper - SQL Error: 0, SQLState: 22001
10:48:29.004 [http-nio-8080-exec-7] ERROR o.h.e.jdbc.spi.SqlExceptionHelper - ERRORE: il valore è troppo lungo per il tipo character varying(255)
10:48:29.007 [http-nio-8080-exec-7] WARN  o.s.w.s.m.m.a.ExceptionHandlerExceptionResolver - Resolved [org.springframework.dao.DataIntegrityViolationException: could not execute statement [ERRORE: il valore è troppo lungo per il tipo character varying(255)] [insert into ricette (difficulty,str_area,str_ingredient1,str_ingredient2,str_ingredient3,str_ingredient4,str_ingredient5,str_ingredient6,str_ingredient7,str_ingredient8,str_ingredient9,str_instructions,str_meal,str_meal_thumb,str_youtube,tempo_preparazione) values (?,?,?,?,?,?,?,?,?,?,?,?,?,?,?,?)]; SQL [insert into ricette (difficulty,str_area,str_ingredient1,str_ingredient2,str_ingredient3,str_ingredient4,str_ingredient5,str_ingredient6,str_ingredient7,str_ingredient8,str_ingredient9,str_instructions,str_meal,str_meal_thumb,str_youtube,tempo_preparazione) values (?,?,?,?,?,?,?,?,?,?,?,?,?,?,?,?)]]
10:49:25.284 [http-nio-8080-exec-8] WARN  o.h.e.jdbc.spi.SqlExceptionHelper - SQL Error: 0, SQLState: 22001
10:49:25.285 [http-nio-8080-exec-8] ERROR o.h.e.jdbc.spi.SqlExceptionHelper - ERRORE: il valore è troppo lungo per il tipo character varying(255)
10:49:25.287 [http-nio-8080-exec-8] WARN  o.s.w.s.m.m.a.ExceptionHandlerExceptionResolver - Resolved [org.springframework.dao.DataIntegrityViolationException: could not execute statement [ERRORE: il valore è troppo lungo per il tipo character varying(255)] [insert into ricette (difficulty,str_area,str_ingredient1,str_ingredient2,str_ingredient3,str_ingredient4,str_ingredient5,str_ingredient6,str_ingredient7,str_ingredient8,str_ingredient9,str_instructions,str_meal,str_meal_thumb,str_youtube,tempo_preparazione) values (?,?,?,?,?,?,?,?,?,?,?,?,?,?,?,?)]; SQL [insert into ricette (difficulty,str_area,str_ingredient1,str_ingredient2,str_ingredient3,str_ingredient4,str_ingredient5,str_ingredient6,str_ingredient7,str_ingredient8,str_ingredient9,str_instructions,str_meal,str_meal_thumb,str_youtube,tempo_preparazione) values (?,?,?,?,?,?,?,?,?,?,?,?,?,?,?,?)]]
10:50:08.303 [http-nio-8080-exec-9] WARN  o.h.e.jdbc.spi.SqlExceptionHelper - SQL Error: 0, SQLState: 22001
10:50:08.307 [http-nio-8080-exec-9] ERROR o.h.e.jdbc.spi.SqlExceptionHelper - ERRORE: il valore è troppo lungo per il tipo character varying(255)
10:50:08.310 [http-nio-8080-exec-9] WARN  o.s.w.s.m.m.a.ExceptionHandlerExceptionResolver - Resolved [org.springframework.dao.DataIntegrityViolationException: could not execute statement [ERRORE: il valore è troppo lungo per il tipo character varying(255)] [insert into ricette (difficulty,str_area,str_ingredient1,str_ingredient2,str_ingredient3,str_ingredient4,str_ingredient5,str_ingredient6,str_ingredient7,str_ingredient8,str_ingredient9,str_instructions,str_meal,str_meal_thumb,str_youtube,tempo_preparazione) values (?,?,?,?,?,?,?,?,?,?,?,?,?,?,?,?)]; SQL [insert into ricette (difficulty,str_area,str_ingredient1,str_ingredient2,str_ingredient3,str_ingredient4,str_ingredient5,str_ingredient6,str_ingredient7,str_ingredient8,str_ingredient9,str_instructions,str_meal,str_meal_thumb,str_youtube,tempo_preparazione) values (?,?,?,?,?,?,?,?,?,?,?,?,?,?,?,?)]]
10:50:24.232 [restartedMain] INFO  c.F.CapstoneFoodRouletteBeApplication - Starting CapstoneFoodRouletteBeApplication using Java 17.0.7 with PID 404 (D:\Eclipse - Directory\CAPSTONE-FoodRouletteBE\target\classes started by vince in D:\Eclipse - Directory\CAPSTONE-FoodRouletteBE)
10:50:24.236 [restartedMain] INFO  c.F.CapstoneFoodRouletteBeApplication - No active profile set, falling back to 1 default profile: "default"
10:50:24.342 [restartedMain] INFO  o.s.b.d.e.DevToolsPropertyDefaultsPostProcessor - Devtools property defaults active! Set 'spring.devtools.add-properties' to 'false' to disable
10:50:24.342 [restartedMain] INFO  o.s.b.d.e.DevToolsPropertyDefaultsPostProcessor - For additional web related logging consider setting the 'logging.level.web' property to 'DEBUG'
10:50:26.006 [restartedMain] INFO  o.s.d.r.c.RepositoryConfigurationDelegate - Bootstrapping Spring Data JPA repositories in DEFAULT mode.
10:50:26.148 [restartedMain] INFO  o.s.d.r.c.RepositoryConfigurationDelegate - Finished Spring Data repository scanning in 121 ms. Found 3 JPA repository interfaces.
10:50:27.436 [restartedMain] INFO  o.s.b.w.e.tomcat.TomcatWebServer - Tomcat initialized with port(s): 8080 (http)
10:50:27.468 [restartedMain] INFO  o.a.catalina.core.StandardService - Starting service [Tomcat]
10:50:27.468 [restartedMain] INFO  o.a.catalina.core.StandardEngine - Starting Servlet engine: [Apache Tomcat/10.1.8]
10:50:27.636 [restartedMain] INFO  o.a.c.c.C.[Tomcat].[localhost].[/] - Initializing Spring embedded WebApplicationContext
10:50:27.640 [restartedMain] INFO  o.s.b.w.s.c.ServletWebServerApplicationContext - Root WebApplicationContext: initialization completed in 3287 ms
10:50:27.914 [restartedMain] INFO  o.h.jpa.internal.util.LogHelper - HHH000204: Processing PersistenceUnitInfo [name: default]
10:50:28.008 [restartedMain] INFO  org.hibernate.Version - HHH000412: Hibernate ORM core version 6.2.2.Final
10:50:28.014 [restartedMain] INFO  org.hibernate.cfg.Environment - HHH000406: Using bytecode reflection optimizer
10:50:28.265 [restartedMain] INFO  o.h.b.i.BytecodeProviderInitiator - HHH000021: Bytecode provider name : bytebuddy
10:50:28.552 [restartedMain] INFO  o.s.o.j.p.SpringPersistenceUnitInfo - No LoadTimeWeaver setup: ignoring JPA class transformer
10:50:28.628 [restartedMain] INFO  com.zaxxer.hikari.HikariDataSource - HikariPool-1 - Starting...
10:50:28.941 [restartedMain] INFO  com.zaxxer.hikari.pool.HikariPool - HikariPool-1 - Added connection org.postgresql.jdbc.PgConnection@5f2b377
10:50:28.955 [restartedMain] INFO  com.zaxxer.hikari.HikariDataSource - HikariPool-1 - Start completed.
10:50:29.050 [restartedMain] INFO  org.hibernate.orm.dialect - HHH035001: Using dialect: org.hibernate.dialect.PostgreSQLDialect, version: org.hibernate.engine.jdbc.env.internal.JdbcEnvironmentInitiator$DialectResolutionInfoImpl@49497641
10:50:29.580 [restartedMain] INFO  o.h.b.i.BytecodeProviderInitiator - HHH000021: Bytecode provider name : bytebuddy
10:50:31.295 [restartedMain] INFO  o.h.e.t.j.p.i.JtaPlatformInitiator - HHH000490: Using JtaPlatform implementation: [org.hibernate.engine.transaction.jta.platform.internal.NoJtaPlatform]
10:50:31.424 [restartedMain] INFO  o.s.o.j.LocalContainerEntityManagerFactoryBean - Initialized JPA EntityManagerFactory for persistence unit 'default'
10:50:32.386 [restartedMain] WARN  o.s.b.a.o.j.JpaBaseConfiguration$JpaWebConfiguration - spring.jpa.open-in-view is enabled by default. Therefore, database queries may be performed during view rendering. Explicitly configure spring.jpa.open-in-view to disable this warning
10:50:32.990 [restartedMain] INFO  o.s.s.web.DefaultSecurityFilterChain - Will secure any request with [org.springframework.security.web.session.DisableEncodeUrlFilter@523d1429, org.springframework.security.web.context.request.async.WebAsyncManagerIntegrationFilter@2056e394, org.springframework.security.web.context.SecurityContextHolderFilter@573e4c13, org.springframework.security.web.header.HeaderWriterFilter@ab8eac2, org.springframework.web.filter.CorsFilter@c733e41, org.springframework.security.web.authentication.logout.LogoutFilter@61f2210b, com.FoodRouletteBE.security.security.JwtAuthenticationFilter@e4ada2b, org.springframework.security.web.savedrequest.RequestCacheAwareFilter@4e67b2bc, org.springframework.security.web.servletapi.SecurityContextHolderAwareRequestFilter@3236eb06, org.springframework.security.web.authentication.AnonymousAuthenticationFilter@2bd681c0, org.springframework.security.web.session.SessionManagementFilter@3e5db101, org.springframework.security.web.access.ExceptionTranslationFilter@6044b18e, org.springframework.security.web.access.intercept.AuthorizationFilter@1abd048e]
10:50:33.467 [restartedMain] INFO  o.s.b.d.a.OptionalLiveReloadServer - LiveReload server is running on port 35729
10:50:33.640 [restartedMain] INFO  o.s.b.w.e.tomcat.TomcatWebServer - Tomcat started on port(s): 8080 (http) with context path ''
10:50:33.752 [restartedMain] INFO  c.F.CapstoneFoodRouletteBeApplication - Started CapstoneFoodRouletteBeApplication in 10.17 seconds (process running for 11.084)
10:51:42.873 [http-nio-8080-exec-1] INFO  o.a.c.c.C.[Tomcat].[localhost].[/] - Initializing Spring DispatcherServlet 'dispatcherServlet'
10:51:42.875 [http-nio-8080-exec-1] INFO  o.s.web.servlet.DispatcherServlet - Initializing Servlet 'dispatcherServlet'
10:51:42.878 [http-nio-8080-exec-1] INFO  o.s.web.servlet.DispatcherServlet - Completed initialization in 2 ms
10:51:43.243 [http-nio-8080-exec-1] WARN  o.h.e.jdbc.spi.SqlExceptionHelper - SQL Error: 0, SQLState: 22001
10:51:43.253 [http-nio-8080-exec-1] ERROR o.h.e.jdbc.spi.SqlExceptionHelper - ERRORE: il valore è troppo lungo per il tipo character varying(255)
10:51:43.308 [http-nio-8080-exec-1] WARN  o.s.w.s.m.m.a.ExceptionHandlerExceptionResolver - Resolved [org.springframework.dao.DataIntegrityViolationException: could not execute statement [ERRORE: il valore è troppo lungo per il tipo character varying(255)] [insert into ricette (difficulty,str_area,str_ingredient1,str_ingredient2,str_ingredient3,str_ingredient4,str_ingredient5,str_ingredient6,str_ingredient7,str_ingredient8,str_ingredient9,str_instructions,str_meal,str_meal_thumb,str_youtube,tempo_preparazione) values (?,?,?,?,?,?,?,?,?,?,?,?,?,?,?,?)]; SQL [insert into ricette (difficulty,str_area,str_ingredient1,str_ingredient2,str_ingredient3,str_ingredient4,str_ingredient5,str_ingredient6,str_ingredient7,str_ingredient8,str_ingredient9,str_instructions,str_meal,str_meal_thumb,str_youtube,tempo_preparazione) values (?,?,?,?,?,?,?,?,?,?,?,?,?,?,?,?)]]
10:53:01.275 [http-nio-8080-exec-2] WARN  o.h.e.jdbc.spi.SqlExceptionHelper - SQL Error: 0, SQLState: 22001
10:53:01.275 [http-nio-8080-exec-2] ERROR o.h.e.jdbc.spi.SqlExceptionHelper - ERRORE: il valore è troppo lungo per il tipo character varying(255)
10:53:01.277 [http-nio-8080-exec-2] WARN  o.s.w.s.m.m.a.ExceptionHandlerExceptionResolver - Resolved [org.springframework.dao.DataIntegrityViolationException: could not execute statement [ERRORE: il valore è troppo lungo per il tipo character varying(255)] [insert into ricette (difficulty,str_area,str_ingredient1,str_ingredient2,str_ingredient3,str_ingredient4,str_ingredient5,str_ingredient6,str_ingredient7,str_ingredient8,str_ingredient9,str_instructions,str_meal,str_meal_thumb,str_youtube,tempo_preparazione) values (?,?,?,?,?,?,?,?,?,?,?,?,?,?,?,?)]; SQL [insert into ricette (difficulty,str_area,str_ingredient1,str_ingredient2,str_ingredient3,str_ingredient4,str_ingredient5,str_ingredient6,str_ingredient7,str_ingredient8,str_ingredient9,str_instructions,str_meal,str_meal_thumb,str_youtube,tempo_preparazione) values (?,?,?,?,?,?,?,?,?,?,?,?,?,?,?,?)]]
20:00:14.429 [File Watcher] INFO  o.s.b.d.a.LocalDevToolsAutoConfiguration$RestartingClassPathChangeChangedEventListener - Restarting due to 1 class path change (0 additions, 0 deletions, 1 modification)
20:00:14.451 [Thread-5] INFO  o.a.catalina.core.StandardService - Stopping service [Tomcat]
20:00:14.456 [Thread-5] INFO  o.a.c.c.C.[Tomcat].[localhost].[/] - Destroying Spring FrameworkServlet 'dispatcherServlet'
20:00:14.466 [Thread-5] WARN  o.a.c.loader.WebappClassLoaderBase - The web application [ROOT] appears to have started a thread named [HikariPool-1 housekeeper] but has failed to stop it. This is very likely to create a memory leak. Stack trace of thread:
 java.base@17.0.7/jdk.internal.misc.Unsafe.park(Native Method)
 java.base@17.0.7/java.util.concurrent.locks.LockSupport.parkNanos(LockSupport.java:252)
 java.base@17.0.7/java.util.concurrent.locks.AbstractQueuedSynchronizer$ConditionObject.awaitNanos(AbstractQueuedSynchronizer.java:1672)
 java.base@17.0.7/java.util.concurrent.ScheduledThreadPoolExecutor$DelayedWorkQueue.take(ScheduledThreadPoolExecutor.java:1182)
 java.base@17.0.7/java.util.concurrent.ScheduledThreadPoolExecutor$DelayedWorkQueue.take(ScheduledThreadPoolExecutor.java:899)
 java.base@17.0.7/java.util.concurrent.ThreadPoolExecutor.getTask(ThreadPoolExecutor.java:1062)
 java.base@17.0.7/java.util.concurrent.ThreadPoolExecutor.runWorker(ThreadPoolExecutor.java:1122)
 java.base@17.0.7/java.util.concurrent.ThreadPoolExecutor$Worker.run(ThreadPoolExecutor.java:635)
 java.base@17.0.7/java.lang.Thread.run(Thread.java:833)
20:00:14.479 [Thread-5] INFO  o.s.o.j.LocalContainerEntityManagerFactoryBean - Closing JPA EntityManagerFactory for persistence unit 'default'
20:00:14.514 [Thread-5] INFO  com.zaxxer.hikari.HikariDataSource - HikariPool-1 - Shutdown initiated...
20:00:14.525 [Thread-5] INFO  com.zaxxer.hikari.HikariDataSource - HikariPool-1 - Shutdown completed.
20:00:14.877 [restartedMain] INFO  c.F.CapstoneFoodRouletteBeApplication - Starting CapstoneFoodRouletteBeApplication using Java 17.0.7 with PID 404 (D:\Eclipse - Directory\CAPSTONE-FoodRouletteBE\target\classes started by vince in D:\Eclipse - Directory\CAPSTONE-FoodRouletteBE)
20:00:14.879 [restartedMain] INFO  c.F.CapstoneFoodRouletteBeApplication - No active profile set, falling back to 1 default profile: "default"
20:00:15.694 [restartedMain] INFO  o.s.d.r.c.RepositoryConfigurationDelegate - Bootstrapping Spring Data JPA repositories in DEFAULT mode.
20:00:15.975 [restartedMain] INFO  o.s.d.r.c.RepositoryConfigurationDelegate - Finished Spring Data repository scanning in 127 ms. Found 3 JPA repository interfaces.
20:00:16.615 [restartedMain] INFO  o.s.b.w.e.tomcat.TomcatWebServer - Tomcat initialized with port(s): 8080 (http)
20:00:16.641 [restartedMain] INFO  o.a.catalina.core.StandardService - Starting service [Tomcat]
20:00:16.642 [restartedMain] INFO  o.a.catalina.core.StandardEngine - Starting Servlet engine: [Apache Tomcat/10.1.8]
20:00:16.832 [restartedMain] INFO  o.a.c.c.C.[Tomcat].[localhost].[/] - Initializing Spring embedded WebApplicationContext
20:00:16.835 [restartedMain] INFO  o.s.b.w.s.c.ServletWebServerApplicationContext - Root WebApplicationContext: initialization completed in 1949 ms
20:00:16.990 [restartedMain] INFO  o.h.jpa.internal.util.LogHelper - HHH000204: Processing PersistenceUnitInfo [name: default]
20:00:17.074 [restartedMain] INFO  o.h.b.i.BytecodeProviderInitiator - HHH000021: Bytecode provider name : bytebuddy
20:00:17.075 [restartedMain] INFO  o.s.o.j.p.SpringPersistenceUnitInfo - No LoadTimeWeaver setup: ignoring JPA class transformer
20:00:17.129 [restartedMain] INFO  com.zaxxer.hikari.HikariDataSource - HikariPool-2 - Starting...
20:00:17.333 [restartedMain] INFO  com.zaxxer.hikari.pool.HikariPool - HikariPool-2 - Added connection org.postgresql.jdbc.PgConnection@480fb780
20:00:17.335 [restartedMain] INFO  com.zaxxer.hikari.HikariDataSource - HikariPool-2 - Start completed.
20:00:17.344 [restartedMain] INFO  org.hibernate.orm.dialect - HHH035001: Using dialect: org.hibernate.dialect.PostgreSQLDialect, version: org.hibernate.engine.jdbc.env.internal.JdbcEnvironmentInitiator$DialectResolutionInfoImpl@6d368a9d
20:00:17.379 [restartedMain] INFO  o.h.b.i.BytecodeProviderInitiator - HHH000021: Bytecode provider name : bytebuddy
20:00:17.511 [restartedMain] INFO  o.h.e.t.j.p.i.JtaPlatformInitiator - HHH000490: Using JtaPlatform implementation: [org.hibernate.engine.transaction.jta.platform.internal.NoJtaPlatform]
20:00:17.574 [restartedMain] INFO  o.s.o.j.LocalContainerEntityManagerFactoryBean - Initialized JPA EntityManagerFactory for persistence unit 'default'
20:00:18.575 [restartedMain] WARN  o.s.b.a.o.j.JpaBaseConfiguration$JpaWebConfiguration - spring.jpa.open-in-view is enabled by default. Therefore, database queries may be performed during view rendering. Explicitly configure spring.jpa.open-in-view to disable this warning
20:00:18.727 [restartedMain] INFO  o.s.s.web.DefaultSecurityFilterChain - Will secure any request with [org.springframework.security.web.session.DisableEncodeUrlFilter@1762c5bb, org.springframework.security.web.context.request.async.WebAsyncManagerIntegrationFilter@4a5ef5f3, org.springframework.security.web.context.SecurityContextHolderFilter@6e3e86de, org.springframework.security.web.header.HeaderWriterFilter@2c12c724, org.springframework.web.filter.CorsFilter@3be5a7d2, org.springframework.security.web.authentication.logout.LogoutFilter@34260f3d, com.FoodRouletteBE.security.security.JwtAuthenticationFilter@b5d95df, org.springframework.security.web.savedrequest.RequestCacheAwareFilter@727004c7, org.springframework.security.web.servletapi.SecurityContextHolderAwareRequestFilter@4861d64a, org.springframework.security.web.authentication.AnonymousAuthenticationFilter@13e17a99, org.springframework.security.web.session.SessionManagementFilter@2bf7e258, org.springframework.security.web.access.ExceptionTranslationFilter@6efe4583, org.springframework.security.web.access.intercept.AuthorizationFilter@7fdafec1]
20:00:18.915 [restartedMain] INFO  o.s.b.d.a.OptionalLiveReloadServer - LiveReload server is running on port 35729
20:00:18.976 [restartedMain] INFO  o.s.b.w.e.tomcat.TomcatWebServer - Tomcat started on port(s): 8080 (http) with context path ''
20:00:18.980 [restartedMain] INFO  c.F.CapstoneFoodRouletteBeApplication - Started CapstoneFoodRouletteBeApplication in 4.339 seconds (process running for 32996.311)
20:00:18.995 [restartedMain] INFO  o.s.b.d.a.ConditionEvaluationDeltaLoggingListener - Condition evaluation unchanged
20:01:40.220 [http-nio-8080-exec-1] INFO  o.a.c.c.C.[Tomcat].[localhost].[/] - Initializing Spring DispatcherServlet 'dispatcherServlet'
20:01:40.220 [http-nio-8080-exec-1] INFO  o.s.web.servlet.DispatcherServlet - Initializing Servlet 'dispatcherServlet'
20:01:40.222 [http-nio-8080-exec-1] INFO  o.s.web.servlet.DispatcherServlet - Completed initialization in 1 ms
20:02:17.908 [File Watcher] INFO  o.s.b.d.a.LocalDevToolsAutoConfiguration$RestartingClassPathChangeChangedEventListener - Restarting due to 1 class path change (0 additions, 0 deletions, 1 modification)
20:02:18.119 [Thread-7] INFO  o.a.catalina.core.StandardService - Stopping service [Tomcat]
20:02:18.174 [Thread-7] INFO  o.a.c.c.C.[Tomcat].[localhost].[/] - Destroying Spring FrameworkServlet 'dispatcherServlet'
20:02:18.187 [Thread-7] WARN  o.a.c.loader.WebappClassLoaderBase - The web application [ROOT] appears to have started a thread named [HikariPool-2 housekeeper] but has failed to stop it. This is very likely to create a memory leak. Stack trace of thread:
 java.base@17.0.7/jdk.internal.misc.Unsafe.park(Native Method)
 java.base@17.0.7/java.util.concurrent.locks.LockSupport.parkNanos(LockSupport.java:252)
 java.base@17.0.7/java.util.concurrent.locks.AbstractQueuedSynchronizer$ConditionObject.awaitNanos(AbstractQueuedSynchronizer.java:1672)
 java.base@17.0.7/java.util.concurrent.ScheduledThreadPoolExecutor$DelayedWorkQueue.take(ScheduledThreadPoolExecutor.java:1182)
 java.base@17.0.7/java.util.concurrent.ScheduledThreadPoolExecutor$DelayedWorkQueue.take(ScheduledThreadPoolExecutor.java:899)
 java.base@17.0.7/java.util.concurrent.ThreadPoolExecutor.getTask(ThreadPoolExecutor.java:1062)
 java.base@17.0.7/java.util.concurrent.ThreadPoolExecutor.runWorker(ThreadPoolExecutor.java:1122)
 java.base@17.0.7/java.util.concurrent.ThreadPoolExecutor$Worker.run(ThreadPoolExecutor.java:635)
 java.base@17.0.7/java.lang.Thread.run(Thread.java:833)
20:02:18.197 [Thread-7] INFO  o.s.o.j.LocalContainerEntityManagerFactoryBean - Closing JPA EntityManagerFactory for persistence unit 'default'
20:02:18.206 [Thread-7] INFO  com.zaxxer.hikari.HikariDataSource - HikariPool-2 - Shutdown initiated...
20:02:18.223 [Thread-7] INFO  com.zaxxer.hikari.HikariDataSource - HikariPool-2 - Shutdown completed.
20:02:18.397 [restartedMain] INFO  c.F.CapstoneFoodRouletteBeApplication - Starting CapstoneFoodRouletteBeApplication using Java 17.0.7 with PID 404 (D:\Eclipse - Directory\CAPSTONE-FoodRouletteBE\target\classes started by vince in D:\Eclipse - Directory\CAPSTONE-FoodRouletteBE)
20:02:18.406 [restartedMain] INFO  c.F.CapstoneFoodRouletteBeApplication - No active profile set, falling back to 1 default profile: "default"
20:02:18.980 [restartedMain] INFO  o.s.d.r.c.RepositoryConfigurationDelegate - Bootstrapping Spring Data JPA repositories in DEFAULT mode.
20:02:19.058 [restartedMain] INFO  o.s.d.r.c.RepositoryConfigurationDelegate - Finished Spring Data repository scanning in 60 ms. Found 3 JPA repository interfaces.
20:02:19.389 [restartedMain] INFO  o.s.b.w.e.tomcat.TomcatWebServer - Tomcat initialized with port(s): 8080 (http)
20:02:19.444 [restartedMain] INFO  o.a.catalina.core.StandardService - Starting service [Tomcat]
20:02:19.508 [restartedMain] INFO  o.a.catalina.core.StandardEngine - Starting Servlet engine: [Apache Tomcat/10.1.8]
20:02:19.625 [restartedMain] INFO  o.a.c.c.C.[Tomcat].[localhost].[/] - Initializing Spring embedded WebApplicationContext
20:02:19.625 [restartedMain] INFO  o.s.b.w.s.c.ServletWebServerApplicationContext - Root WebApplicationContext: initialization completed in 1211 ms
20:02:19.759 [restartedMain] INFO  o.h.jpa.internal.util.LogHelper - HHH000204: Processing PersistenceUnitInfo [name: default]
20:02:19.848 [restartedMain] INFO  o.h.b.i.BytecodeProviderInitiator - HHH000021: Bytecode provider name : bytebuddy
20:02:19.861 [restartedMain] INFO  o.s.o.j.p.SpringPersistenceUnitInfo - No LoadTimeWeaver setup: ignoring JPA class transformer
20:02:19.876 [restartedMain] INFO  com.zaxxer.hikari.HikariDataSource - HikariPool-3 - Starting...
20:02:20.287 [restartedMain] INFO  com.zaxxer.hikari.pool.HikariPool - HikariPool-3 - Added connection org.postgresql.jdbc.PgConnection@4c229491
20:02:20.294 [restartedMain] INFO  com.zaxxer.hikari.HikariDataSource - HikariPool-3 - Start completed.
20:02:20.304 [restartedMain] INFO  org.hibernate.orm.dialect - HHH035001: Using dialect: org.hibernate.dialect.PostgreSQLDialect, version: org.hibernate.engine.jdbc.env.internal.JdbcEnvironmentInitiator$DialectResolutionInfoImpl@64c7162d
20:02:20.334 [restartedMain] INFO  o.h.b.i.BytecodeProviderInitiator - HHH000021: Bytecode provider name : bytebuddy
20:02:20.440 [restartedMain] INFO  o.h.e.t.j.p.i.JtaPlatformInitiator - HHH000490: Using JtaPlatform implementation: [org.hibernate.engine.transaction.jta.platform.internal.NoJtaPlatform]
20:02:20.502 [restartedMain] INFO  o.s.o.j.LocalContainerEntityManagerFactoryBean - Initialized JPA EntityManagerFactory for persistence unit 'default'
20:02:20.855 [restartedMain] WARN  o.s.b.a.o.j.JpaBaseConfiguration$JpaWebConfiguration - spring.jpa.open-in-view is enabled by default. Therefore, database queries may be performed during view rendering. Explicitly configure spring.jpa.open-in-view to disable this warning
20:02:20.952 [restartedMain] INFO  o.s.s.web.DefaultSecurityFilterChain - Will secure any request with [org.springframework.security.web.session.DisableEncodeUrlFilter@3893c699, org.springframework.security.web.context.request.async.WebAsyncManagerIntegrationFilter@69d6a225, org.springframework.security.web.context.SecurityContextHolderFilter@505a7c72, org.springframework.security.web.header.HeaderWriterFilter@1861fa76, org.springframework.web.filter.CorsFilter@5c38e181, org.springframework.security.web.authentication.logout.LogoutFilter@6a2fc9, com.FoodRouletteBE.security.security.JwtAuthenticationFilter@3c4c0dfe, org.springframework.security.web.savedrequest.RequestCacheAwareFilter@2435fc7b, org.springframework.security.web.servletapi.SecurityContextHolderAwareRequestFilter@331010c1, org.springframework.security.web.authentication.AnonymousAuthenticationFilter@76111bc0, org.springframework.security.web.session.SessionManagementFilter@30101c12, org.springframework.security.web.access.ExceptionTranslationFilter@68d38913, org.springframework.security.web.access.intercept.AuthorizationFilter@38925234]
20:02:21.058 [restartedMain] INFO  o.s.b.d.a.OptionalLiveReloadServer - LiveReload server is running on port 35729
20:02:21.069 [restartedMain] INFO  o.s.b.w.e.tomcat.TomcatWebServer - Tomcat started on port(s): 8080 (http) with context path ''
20:02:21.081 [restartedMain] INFO  c.F.CapstoneFoodRouletteBeApplication - Started CapstoneFoodRouletteBeApplication in 2.746 seconds (process running for 33118.413)
20:02:21.095 [restartedMain] INFO  o.s.b.d.a.ConditionEvaluationDeltaLoggingListener - Condition evaluation unchanged
20:02:37.846 [http-nio-8080-exec-2] INFO  o.a.c.c.C.[Tomcat].[localhost].[/] - Initializing Spring DispatcherServlet 'dispatcherServlet'
20:02:37.847 [http-nio-8080-exec-2] INFO  o.s.web.servlet.DispatcherServlet - Initializing Servlet 'dispatcherServlet'
20:02:37.851 [http-nio-8080-exec-2] INFO  o.s.web.servlet.DispatcherServlet - Completed initialization in 1 ms
